2026-03-17 10:53:33,960 [PID 8731] ERROR Uncaught error in persistent.run
Traceback (most recent call last):
  File "/home/jiao/.local/share/nvim/mason/packages/pyre/venv/lib/python3.14/site-packages/pyre_check/client/commands/persistent.py", line 299, in run
    return asyncio.get_event_loop().run_until_complete(
           ~~~~~~~~~~~~~~~~~~~~~~^^
  File "/usr/lib/python3.14/asyncio/events.py", line 715, in get_event_loop
    raise RuntimeError('There is no current event loop in thread %r.'
                       % threading.current_thread().name)
RuntimeError: There is no current event loop in thread 'MainThread'.
2026-03-17 10:55:34,206 [PID 9466] ERROR Uncaught error in persistent.run
Traceback (most recent call last):
  File "/home/jiao/.local/share/nvim/mason/packages/pyre/venv/lib/python3.14/site-packages/pyre_check/client/commands/persistent.py", line 299, in run
    return asyncio.get_event_loop().run_until_complete(
           ~~~~~~~~~~~~~~~~~~~~~~^^
  File "/usr/lib/python3.14/asyncio/events.py", line 715, in get_event_loop
    raise RuntimeError('There is no current event loop in thread %r.'
                       % threading.current_thread().name)
RuntimeError: There is no current event loop in thread 'MainThread'.
2026-03-17 10:57:01,007 [PID 10119] ERROR Uncaught error in persistent.run
Traceback (most recent call last):
  File "/home/jiao/.local/share/nvim/mason/packages/pyre/venv/lib/python3.14/site-packages/pyre_check/client/commands/persistent.py", line 299, in run
    return asyncio.get_event_loop().run_until_complete(
           ~~~~~~~~~~~~~~~~~~~~~~^^
  File "/usr/lib/python3.14/asyncio/events.py", line 715, in get_event_loop
    raise RuntimeError('There is no current event loop in thread %r.'
                       % threading.current_thread().name)
RuntimeError: There is no current event loop in thread 'MainThread'.
2026-03-17 10:57:56,775 [PID 11872] ERROR Uncaught error in persistent.run
Traceback (most recent call last):
  File "/home/jiao/.local/share/nvim/mason/packages/pyre/venv/lib/python3.14/site-packages/pyre_check/client/commands/persistent.py", line 299, in run
    return asyncio.get_event_loop().run_until_complete(
           ~~~~~~~~~~~~~~~~~~~~~~^^
  File "/usr/lib/python3.14/asyncio/events.py", line 715, in get_event_loop
    raise RuntimeError('There is no current event loop in thread %r.'
                       % threading.current_thread().name)
RuntimeError: There is no current event loop in thread 'MainThread'.
